{
"/home/ubuntu/workspace/jododaforca/app.js":{"path":"/home/ubuntu/workspace/jododaforca/app.js","s":{"1":1,"2":2,"3":2,"4":2,"5":2,"6":2,"7":2,"8":2,"9":2,"10":2,"11":2,"12":2,"13":2,"14":2,"15":2,"16":2,"17":19,"18":2,"19":2,"20":0,"21":2,"22":0,"23":2,"24":0,"25":2,"26":5,"27":1,"28":4,"29":5,"30":2,"31":1,"32":1,"33":2,"34":1,"35":2,"36":4,"37":3,"38":2,"39":3,"40":2,"41":2,"42":2,"43":5,"44":5,"45":5,"46":45,"47":8,"48":37,"49":5,"50":2,"51":5,"52":2,"53":2,"54":2,"55":1},"b":{"1":[1,4],"2":[1,0],"3":[3,1],"4":[8,37]},"f":{"1":2,"2":2,"3":0,"4":3,"5":16},"fnMap":{"1":{"name":"(anonymous_1)","line":1,"loc":{"start":{"line":1,"column":12},"end":{"line":1,"column":55}}},"2":{"name":"(anonymous_2)","line":8,"loc":{"start":{"line":8,"column":17},"end":{"line":8,"column":27}}},"3":{"name":"(anonymous_3)","line":37,"loc":{"start":{"line":37,"column":23},"end":{"line":37,"column":33}}},"4":{"name":"(anonymous_4)","line":83,"loc":{"start":{"line":83,"column":27},"end":{"line":83,"column":42}}},"5":{"name":"(anonymous_5)","line":97,"loc":{"start":{"line":97,"column":20},"end":{"line":97,"column":33}}}},"statementMap":{"1":{"start":{"line":1,"column":0},"end":{"line":136,"column":1}},"2":{"start":{"line":2,"column":4},"end":{"line":2,"column":19}},"3":{"start":{"line":3,"column":4},"end":{"line":3,"column":21}},"4":{"start":{"line":4,"column":4},"end":{"line":4,"column":29}},"5":{"start":{"line":5,"column":4},"end":{"line":5,"column":21}},"6":{"start":{"line":6,"column":4},"end":{"line":6,"column":31}},"7":{"start":{"line":7,"column":4},"end":{"line":7,"column":18}},"8":{"start":{"line":8,"column":4},"end":{"line":33,"column":6}},"9":{"start":{"line":9,"column":8},"end":{"line":9,"column":24}},"10":{"start":{"line":10,"column":8},"end":{"line":10,"column":26}},"11":{"start":{"line":11,"column":8},"end":{"line":11,"column":21}},"12":{"start":{"line":14,"column":8},"end":{"line":14,"column":45}},"13":{"start":{"line":15,"column":8},"end":{"line":15,"column":34}},"14":{"start":{"line":16,"column":8},"end":{"line":19,"column":15}},"15":{"start":{"line":20,"column":8},"end":{"line":20,"column":26}},"16":{"start":{"line":21,"column":8},"end":{"line":23,"column":9}},"17":{"start":{"line":22,"column":12},"end":{"line":22,"column":29}},"18":{"start":{"line":24,"column":8},"end":{"line":24,"column":38}},"19":{"start":{"line":34,"column":4},"end":{"line":36,"column":5}},"20":{"start":{"line":35,"column":8},"end":{"line":35,"column":23}},"21":{"start":{"line":37,"column":4},"end":{"line":39,"column":5}},"22":{"start":{"line":38,"column":8},"end":{"line":38,"column":23}},"23":{"start":{"line":40,"column":4},"end":{"line":42,"column":5}},"24":{"start":{"line":41,"column":8},"end":{"line":41,"column":26}},"25":{"start":{"line":43,"column":4},"end":{"line":57,"column":6}},"26":{"start":{"line":45,"column":8},"end":{"line":51,"column":9}},"27":{"start":{"line":47,"column":12},"end":{"line":47,"column":34}},"28":{"start":{"line":50,"column":12},"end":{"line":50,"column":32}},"29":{"start":{"line":52,"column":9},"end":{"line":52,"column":24}},"30":{"start":{"line":58,"column":4},"end":{"line":66,"column":6}},"31":{"start":{"line":59,"column":8},"end":{"line":61,"column":9}},"32":{"start":{"line":60,"column":12},"end":{"line":60,"column":38}},"33":{"start":{"line":68,"column":4},"end":{"line":71,"column":6}},"34":{"start":{"line":69,"column":8},"end":{"line":69,"column":25}},"35":{"start":{"line":73,"column":4},"end":{"line":82,"column":6}},"36":{"start":{"line":75,"column":8},"end":{"line":77,"column":9}},"37":{"start":{"line":76,"column":12},"end":{"line":76,"column":36}},"38":{"start":{"line":83,"column":4},"end":{"line":87,"column":6}},"39":{"start":{"line":84,"column":8},"end":{"line":84,"column":23}},"40":{"start":{"line":89,"column":4},"end":{"line":96,"column":6}},"41":{"start":{"line":97,"column":4},"end":{"line":99,"column":6}},"42":{"start":{"line":100,"column":4},"end":{"line":114,"column":5}},"43":{"start":{"line":101,"column":8},"end":{"line":101,"column":35}},"44":{"start":{"line":102,"column":8},"end":{"line":102,"column":21}},"45":{"start":{"line":103,"column":8},"end":{"line":112,"column":9}},"46":{"start":{"line":107,"column":12},"end":{"line":111,"column":13}},"47":{"start":{"line":108,"column":16},"end":{"line":108,"column":59}},"48":{"start":{"line":110,"column":16},"end":{"line":110,"column":33}},"49":{"start":{"line":113,"column":8},"end":{"line":113,"column":37}},"50":{"start":{"line":115,"column":4},"end":{"line":117,"column":5}},"51":{"start":{"line":116,"column":8},"end":{"line":116,"column":21}},"52":{"start":{"line":118,"column":4},"end":{"line":120,"column":5}},"53":{"start":{"line":119,"column":8},"end":{"line":119,"column":23}},"54":{"start":{"line":121,"column":4},"end":{"line":135,"column":6}},"55":{"start":{"line":154,"column":0},"end":{"line":154,"column":24}}},"branchMap":{"1":{"line":45,"type":"if","locations":[{"start":{"line":45,"column":8},"end":{"line":45,"column":8}},{"start":{"line":45,"column":8},"end":{"line":45,"column":8}}]},"2":{"line":59,"type":"if","locations":[{"start":{"line":59,"column":8},"end":{"line":59,"column":8}},{"start":{"line":59,"column":8},"end":{"line":59,"column":8}}]},"3":{"line":75,"type":"if","locations":[{"start":{"line":75,"column":8},"end":{"line":75,"column":8}},{"start":{"line":75,"column":8},"end":{"line":75,"column":8}}]},"4":{"line":107,"type":"if","locations":[{"start":{"line":107,"column":12},"end":{"line":107,"column":12}},{"start":{"line":107,"column":12},"end":{"line":107,"column":12}}]}},"l":{"1":1,"2":2,"3":2,"4":2,"5":2,"6":2,"7":2,"8":2,"9":2,"10":2,"11":2,"14":2,"15":2,"16":2,"20":2,"21":2,"22":19,"24":2,"34":2,"35":0,"37":2,"38":0,"40":2,"41":0,"43":2,"45":5,"47":1,"50":4,"52":5,"58":2,"59":1,"60":1,"68":2,"69":1,"73":2,"75":4,"76":3,"83":2,"84":3,"89":2,"97":2,"100":2,"101":5,"102":5,"103":5,"107":45,"108":8,"110":37,"113":5,"115":2,"116":5,"118":2,"119":2,"121":2,"154":1}}}
