{"/home/ubuntu/workspace/jododaforca/tests.js":{"path":"/home/ubuntu/workspace/jododaforca/tests.js","s":{"1":1,"2":0,"3":0,"4":0,"5":0,"6":0,"7":0,"8":0,"9":0,"10":0,"11":0,"12":0,"13":0,"14":0,"15":0,"16":0,"17":0,"18":0,"19":0,"20":0},"b":{},"f":{},"fnMap":{},"statementMap":{"1":{"start":{"line":5,"column":0},"end":{"line":27,"column":3}},"2":{"start":{"line":6,"column":4},"end":{"line":11,"column":6}},"3":{"start":{"line":13,"column":4},"end":{"line":13,"column":21}},"4":{"start":{"line":15,"column":2},"end":{"line":16,"column":23}},"5":{"start":{"line":18,"column":2},"end":{"line":19,"column":25}},"6":{"start":{"line":21,"column":2},"end":{"line":22,"column":25}},"7":{"start":{"line":28,"column":0},"end":{"line":53,"column":3}},"8":{"start":{"line":29,"column":4},"end":{"line":34,"column":6}},"9":{"start":{"line":36,"column":4},"end":{"line":36,"column":21}},"10":{"start":{"line":39,"column":4},"end":{"line":39,"column":31}},"11":{"start":{"line":40,"column":4},"end":{"line":40,"column":31}},"12":{"start":{"line":41,"column":4},"end":{"line":41,"column":31}},"13":{"start":{"line":42,"column":4},"end":{"line":42,"column":31}},"14":{"start":{"line":43,"column":4},"end":{"line":43,"column":25}},"15":{"start":{"line":44,"column":4},"end":{"line":44,"column":67}},"16":{"start":{"line":45,"column":4},"end":{"line":45,"column":31}},"17":{"start":{"line":46,"column":4},"end":{"line":46,"column":56}},"18":{"start":{"line":47,"column":4},"end":{"line":47,"column":55}},"19":{"start":{"line":48,"column":4},"end":{"line":48,"column":31}},"20":{"start":{"line":49,"column":4},"end":{"line":49,"column":72}}},"branchMap":{}}}