TN:
SF:/home/ubuntu/workspace/jododaforca/app.js
FN:1,(anonymous_1)
FN:8,(anonymous_2)
FN:37,(anonymous_3)
FN:83,(anonymous_4)
FN:97,(anonymous_5)
FNF:5
FNH:4
FNDA:2,(anonymous_1)
FNDA:2,(anonymous_2)
FNDA:0,(anonymous_3)
FNDA:3,(anonymous_4)
FNDA:16,(anonymous_5)
DA:1,1
DA:2,2
DA:3,2
DA:4,2
DA:5,2
DA:6,2
DA:7,2
DA:8,2
DA:9,2
DA:10,2
DA:11,2
DA:14,2
DA:15,2
DA:16,2
DA:20,2
DA:21,2
DA:22,8
DA:24,2
DA:34,2
DA:35,0
DA:37,2
DA:38,0
DA:40,2
DA:41,0
DA:43,2
DA:45,5
DA:47,1
DA:50,4
DA:52,5
DA:58,2
DA:59,1
DA:60,1
DA:68,2
DA:69,1
DA:73,2
DA:75,4
DA:76,3
DA:83,2
DA:84,3
DA:89,2
DA:97,2
DA:100,2
DA:101,5
DA:102,5
DA:103,5
DA:107,20
DA:108,4
DA:110,16
DA:113,5
DA:116,2
DA:149,1
LF:51
LH:48
BRDA:45,1,0,1
BRDA:45,1,1,4
BRDA:59,2,0,1
BRDA:59,2,1,0
BRDA:75,3,0,3
BRDA:75,3,1,1
BRDA:107,4,0,4
BRDA:107,4,1,16
BRF:8
BRH:7
end_of_record
